<?xml version="1.0" encoding="UTF-8"?>
<testng-results total="2" passed="2" failed="0" skipped="0">
  <reporter-output>
  </reporter-output>
  <suite started-at="2020-12-19T17:38:41Z" name="Lambdatest Suite" finished-at="2020-12-19T17:39:44Z" duration-ms="63069">
    <groups>
    </groups>
    <test started-at="2020-12-19T17:38:41Z" name="WindowsChrome" finished-at="2020-12-19T17:39:05Z" duration-ms="23865">
      <class name="com.lambdatest.Tests.ParallelTest">
        <test-method is-config="true" signature="setUp(java.lang.String, java.lang.String, java.lang.String)[pri:0, instance:com.lambdatest.Tests.ParallelTest@59fd97a8]" started-at="2020-12-19T17:38:41Z" name="setUp" finished-at="2020-12-19T17:38:47Z" duration-ms="5701" status="PASS">
          <params>
            <param index="0">
              <value>
                <![CDATA[Chrome]]>
              </value>
            </param>
            <param index="1">
              <value>
                <![CDATA[87.0]]>
              </value>
            </param>
            <param index="2">
              <value>
                <![CDATA[Windows 10]]>
              </value>
            </param>
          </params>
          <reporter-output>
          </reporter-output>
        </test-method> <!-- setUp -->
        <test-method signature="test()[pri:0, instance:com.lambdatest.Tests.ParallelTest@59fd97a8]" started-at="2020-12-19T17:38:47Z" name="test" finished-at="2020-12-19T17:39:05Z" duration-ms="17867" status="PASS">
          <reporter-output>
          </reporter-output>
        </test-method> <!-- test -->
        <test-method is-config="true" signature="tearDown()[pri:0, instance:com.lambdatest.Tests.ParallelTest@59fd97a8]" started-at="2020-12-19T17:39:05Z" name="tearDown" finished-at="2020-12-19T17:39:05Z" duration-ms="290" status="PASS">
          <reporter-output>
          </reporter-output>
        </test-method> <!-- tearDown -->
      </class> <!-- com.lambdatest.Tests.ParallelTest -->
    </test> <!-- WindowsChrome -->
    <test started-at="2020-12-19T17:39:05Z" name="MacChrome" finished-at="2020-12-19T17:39:44Z" duration-ms="39171">
      <class name="com.lambdatest.Tests.ParallelTest">
        <test-method is-config="true" signature="setUp(java.lang.String, java.lang.String, java.lang.String)[pri:0, instance:com.lambdatest.Tests.ParallelTest@4f6ee6e4]" started-at="2020-12-19T17:39:05Z" name="setUp" finished-at="2020-12-19T17:39:18Z" duration-ms="13385" status="PASS">
          <params>
            <param index="0">
              <value>
                <![CDATA[Chrome]]>
              </value>
            </param>
            <param index="1">
              <value>
                <![CDATA[87.0]]>
              </value>
            </param>
            <param index="2">
              <value>
                <![CDATA[MacOS Catalina]]>
              </value>
            </param>
          </params>
          <reporter-output>
          </reporter-output>
        </test-method> <!-- setUp -->
        <test-method signature="test()[pri:0, instance:com.lambdatest.Tests.ParallelTest@4f6ee6e4]" started-at="2020-12-19T17:39:18Z" name="test" finished-at="2020-12-19T17:39:44Z" duration-ms="25352" status="PASS">
          <reporter-output>
          </reporter-output>
        </test-method> <!-- test -->
        <test-method is-config="true" signature="tearDown()[pri:0, instance:com.lambdatest.Tests.ParallelTest@4f6ee6e4]" started-at="2020-12-19T17:39:44Z" name="tearDown" finished-at="2020-12-19T17:39:44Z" duration-ms="434" status="PASS">
          <reporter-output>
          </reporter-output>
        </test-method> <!-- tearDown -->
      </class> <!-- com.lambdatest.Tests.ParallelTest -->
    </test> <!-- MacChrome -->
  </suite> <!-- Lambdatest Suite -->
</testng-results>
